This file contains any messages produced by compilers while
running configure, to aid debugging if configure makes a mistake.

It was created by Milx configure 0.0.0, which was
generated by GNU Autoconf 2.61.  Invocation command line was

  $ ./configure 

## --------- ##
## Platform. ##
## --------- ##

hostname = pigritia
uname -m = i686
uname -r = 2.6.21.5-smp
uname -s = Linux
uname -v = #2 SMP Tue Jun 19 14:58:11 CDT 2007

/usr/bin/uname -p = Pentium II (Deschutes)
/bin/uname -X     = unknown

/bin/arch              = i686
/usr/bin/arch -k       = unknown
/usr/convex/getsysinfo = unknown
/usr/bin/hostinfo      = unknown
/bin/machine           = unknown
/usr/bin/oslevel       = unknown
/bin/universe          = unknown

PATH: /usr/local/bin
PATH: /usr/bin
PATH: /bin
PATH: /usr/games
PATH: /usr/lib/java/bin
PATH: /usr/lib/java/jre/bin
PATH: /usr/lib/java/bin
PATH: /usr/lib/java/jre/bin
PATH: /usr/lib/qt/bin
PATH: /usr/share/texmf/bin
PATH: .
PATH: /usr/lib/java/bin


## ----------- ##
## Core tests. ##
## ----------- ##

configure:1973: checking for a BSD-compatible install
configure:2029: result: /usr/bin/ginstall -c
configure:2040: checking whether build environment is sane
configure:2083: result: yes
configure:2148: checking for gawk
configure:2164: found /usr/bin/gawk
configure:2175: result: gawk
configure:2186: checking whether make sets $(MAKE)
configure:2207: result: yes
configure:2449: checking for g++
configure:2465: found /usr/bin/g++
configure:2476: result: g++
configure:2507: checking for C++ compiler version
configure:2514: g++ --version >&5
g++ (GCC) 4.1.2
Copyright (C) 2006 Free Software Foundation, Inc.
This is free software; see the source for copying conditions.  There is NO
warranty; not even for MERCHANTABILITY or FITNESS FOR A PARTICULAR PURPOSE.

configure:2517: $? = 0
configure:2524: g++ -v >&5
Reading specs from /usr/lib/gcc/i486-slackware-linux/4.1.2/specs
Target: i486-slackware-linux
Configured with: ../gcc-4.1.2/configure --prefix=/usr --enable-shared --enable-languages=ada,c,c++,fortran,java,objc --enable-threads=posix --enable-__cxa_atexit --disable-checking --with-gnu-ld --verbose --with-arch=i486 --target=i486-slackware-linux --host=i486-slackware-linux
Thread model: posix
gcc version 4.1.2
configure:2527: $? = 0
configure:2534: g++ -V >&5
g++: '-V' option must have argument
configure:2537: $? = 1
configure:2560: checking for C++ compiler default output file name
configure:2587: g++    conftest.cpp  >&5
configure:2590: $? = 0
configure:2628: result: a.out
configure:2645: checking whether the C++ compiler works
configure:2655: ./a.out
configure:2658: $? = 0
configure:2675: result: yes
configure:2682: checking whether we are cross compiling
configure:2684: result: no
configure:2687: checking for suffix of executables
configure:2694: g++ -o conftest    conftest.cpp  >&5
configure:2697: $? = 0
configure:2721: result: 
configure:2727: checking for suffix of object files
configure:2753: g++ -c   conftest.cpp >&5
configure:2756: $? = 0
configure:2779: result: o
configure:2783: checking whether we are using the GNU C++ compiler
configure:2812: g++ -c   conftest.cpp >&5
configure:2818: $? = 0
configure:2835: result: yes
configure:2840: checking whether g++ accepts -g
configure:2870: g++ -c -g  conftest.cpp >&5
configure:2876: $? = 0
configure:2975: result: yes
configure:3009: checking for style of include used by make
configure:3037: result: GNU
configure:3065: checking dependency style of g++
configure:3155: result: gcc3
configure:3246: error: cannot run /bin/sh ./config.sub

## ---------------- ##
## Cache variables. ##
## ---------------- ##

ac_cv_cxx_compiler_gnu=yes
ac_cv_env_CCC_set=
ac_cv_env_CCC_value=
ac_cv_env_CC_set=
ac_cv_env_CC_value=
ac_cv_env_CFLAGS_set=
ac_cv_env_CFLAGS_value=
ac_cv_env_CPPFLAGS_set=
ac_cv_env_CPPFLAGS_value=
ac_cv_env_CPP_set=
ac_cv_env_CPP_value=
ac_cv_env_CXXCPP_set=
ac_cv_env_CXXCPP_value=
ac_cv_env_CXXFLAGS_set=
ac_cv_env_CXXFLAGS_value=
ac_cv_env_CXX_set=
ac_cv_env_CXX_value=
ac_cv_env_F77_set=
ac_cv_env_F77_value=
ac_cv_env_FFLAGS_set=
ac_cv_env_FFLAGS_value=
ac_cv_env_LDFLAGS_set=
ac_cv_env_LDFLAGS_value=
ac_cv_env_LIBS_set=
ac_cv_env_LIBS_value=
ac_cv_env_build_alias_set=
ac_cv_env_build_alias_value=
ac_cv_env_host_alias_set=
ac_cv_env_host_alias_value=
ac_cv_env_target_alias_set=
ac_cv_env_target_alias_value=
ac_cv_objext=o
ac_cv_path_install='/usr/bin/ginstall -c'
ac_cv_prog_AWK=gawk
ac_cv_prog_ac_ct_CXX=g++
ac_cv_prog_cxx_g=yes
ac_cv_prog_make_make_set=yes
am_cv_CXX_dependencies_compiler_type=gcc3

## ----------------- ##
## Output variables. ##
## ----------------- ##

ACLOCAL='${SHELL} /home/ricardo/milx/missing --run aclocal-1.9'
AMDEPBACKSLASH='\'
AMDEP_FALSE='#'
AMDEP_TRUE=''
AMTAR='${SHELL} /home/ricardo/milx/missing --run tar'
AR=''
AUTOCONF='${SHELL} /home/ricardo/milx/missing --run autoconf'
AUTOHEADER='${SHELL} /home/ricardo/milx/missing --run autoheader'
AUTOMAKE='${SHELL} /home/ricardo/milx/missing --run automake-1.9'
AWK='gawk'
CC=''
CCDEPMODE=''
CFLAGS=''
CPP=''
CPPFLAGS=''
CXX='g++'
CXXCPP=''
CXXDEPMODE='depmode=gcc3'
CXXFLAGS='-g -O2'
CYGPATH_W='echo'
DEFS=''
DEPDIR='.deps'
ECHO='echo'
ECHO_C=''
ECHO_N='-n'
ECHO_T=''
EGREP=''
EXEEXT=''
F77=''
FFLAGS=''
GREP=''
INSTALL_DATA='${INSTALL} -m 644'
INSTALL_PROGRAM='${INSTALL}'
INSTALL_SCRIPT='${INSTALL}'
INSTALL_STRIP_PROGRAM='${SHELL} $(install_sh) -c -s'
LDFLAGS=''
LIBOBJS=''
LIBS=''
LIBTOOL=''
LN_S=''
LTLIBOBJS=''
MAKEINFO='${SHELL} /home/ricardo/milx/missing --run makeinfo'
OBJEXT='o'
PACKAGE='milx'
PACKAGE_BUGREPORT=''
PACKAGE_NAME='Milx'
PACKAGE_STRING='Milx 0.0.0'
PACKAGE_TARNAME='milx'
PACKAGE_VERSION='0.0.0'
PATH_SEPARATOR=':'
RANLIB=''
SED=''
SET_MAKE=''
SHELL='/bin/sh'
STRIP=''
VERSION='0.0.0'
ac_ct_CC=''
ac_ct_CXX='g++'
ac_ct_F77=''
am__fastdepCC_FALSE=''
am__fastdepCC_TRUE=''
am__fastdepCXX_FALSE='#'
am__fastdepCXX_TRUE=''
am__include='include'
am__leading_dot='.'
am__quote=''
am__tar='${AMTAR} chof - "$$tardir"'
am__untar='${AMTAR} xf -'
bindir='${exec_prefix}/bin'
build=''
build_alias=''
build_cpu=''
build_os=''
build_vendor=''
datadir='${datarootdir}'
datarootdir='${prefix}/share'
docdir='${datarootdir}/doc/${PACKAGE_TARNAME}'
dvidir='${docdir}'
exec_prefix='NONE'
host=''
host_alias=''
host_cpu=''
host_os=''
host_vendor=''
htmldir='${docdir}'
includedir='${prefix}/include'
infodir='${datarootdir}/info'
install_sh='/home/ricardo/milx/install-sh'
libdir='${exec_prefix}/lib'
libexecdir='${exec_prefix}/libexec'
localedir='${datarootdir}/locale'
localstatedir='${prefix}/var'
mandir='${datarootdir}/man'
mkdir_p='mkdir -p --'
oldincludedir='/usr/include'
pdfdir='${docdir}'
prefix='NONE'
program_transform_name='s,x,x,'
psdir='${docdir}'
sbindir='${exec_prefix}/sbin'
sharedstatedir='${prefix}/com'
sysconfdir='${prefix}/etc'
target_alias=''

## ----------- ##
## confdefs.h. ##
## ----------- ##

#define PACKAGE_NAME "Milx"
#define PACKAGE_TARNAME "milx"
#define PACKAGE_VERSION "0.0.0"
#define PACKAGE_STRING "Milx 0.0.0"
#define PACKAGE_BUGREPORT ""
#define PACKAGE "milx"
#define VERSION "0.0.0"

configure: exit 1
